<?xml version="1.0" encoding="UTF-8"?>
<!-- Generated by org.testng.reporters.JUnitReportReporter -->
<testsuite hostname="LAPTOP-1VL882RQ" failures="0" tests="6" name="CucumberOptions.TestNG_Runner" time="49.971" errors="0" timestamp="2022-09-20T12:19:27 IST" skipped="0">
  <testcase classname="CucumberOptions.TestNG_Runner" name="runScenario" time="7.795"/>
  <system-out/>
  <testcase classname="CucumberOptions.TestNG_Runner" name="runScenario" time="9.956"/>
  <system-out/>
  <testcase classname="CucumberOptions.TestNG_Runner" name="runScenario" time="8.738"/>
  <system-out/>
  <testcase classname="CucumberOptions.TestNG_Runner" name="runScenario" time="6.988"/>
  <system-out/>
  <testcase classname="CucumberOptions.TestNG_Runner" name="runScenario" time="9.343"/>
  <system-out/>
  <testcase classname="CucumberOptions.TestNG_Runner" name="runScenario" time="7.151"/>
  <system-out/>
</testsuite> <!-- CucumberOptions.TestNG_Runner -->
